{"meta": {"format": 3, "version": "7.13.4", "timestamp": "2026-03-04T08:40:54.352080", "branch_coverage": false, "show_contexts": false}, "files": {"src/tigl_mcp_server/__init__.py": {"executed_lines": [3, 4, 5, 7], "summary": {"covered_lines": 4, "num_statements": 4, "percent_covered": 100.0, "percent_covered_display": "100", "missing_lines": 0, "excluded_lines": 0, "percent_statements_covered": 100.0, "percent_statements_covered_display": "100"}, "missing_lines": [], "excluded_lines": [], "functions": {"": {"executed_lines": [3, 4, 5, 7], "summary": {"covered_lines": 4, "num_statements": 4, "percent_covered": 100.0, "percent_covered_display": "100", "missing_lines": 0, "excluded_lines": 0, "percent_statements_covered": 100.0, "percent_statements_covered_display": "100"}, "missing_lines": [], "excluded_lines": [], "start_line": 1}}, "classes": {"": {"executed_lines": [3, 4, 5, 7], "summary": {"covered_lines": 4, "num_statements": 4, "percent_covered": 100.0, "percent_covered_display": "100", "missing_lines": 0, "excluded_lines": 0, "percent_statements_covered": 100.0, "percent_statements_covered_display": "100"}, "missing_lines": [], "excluded_lines": [], "start_line": 1}}}, "src/tigl_mcp_server/__main__.py": {"executed_lines": [], "summary": {"covered_lines": 0, "num_statements": 3, "percent_covered": 0.0, "percent_covered_display": "0", "missing_lines": 3, "excluded_lines": 0, "percent_statements_covered": 0.0, "percent_statements_covered_display": "0"}, "missing_lines": [3, 5, 6], "excluded_lines": [], "functions": {"": {"executed_lines": [], "summary": {"covered_lines": 0, "num_statements": 3, "percent_covered": 0.0, "percent_covered_display": "0", "missing_lines": 3, "excluded_lines": 0, "percent_statements_covered": 0.0, "percent_statements_covered_display": "0"}, "missing_lines": [3, 5, 6], "excluded_lines": [], "start_line": 1}}, "classes": {"": {"executed_lines": [], "summary": {"covered_lines": 0, "num_statements": 3, "percent_covered": 0.0, "percent_covered_display": "0", "missing_lines": 3, "excluded_lines": 0, "percent_statements_covered": 0.0, "percent_statements_covered_display": "0"}, "missing_lines": [3, 5, 6], "excluded_lines": [], "start_line": 1}}}, "src/tigl_mcp_server/cpacs.py": {"executed_lines": [9, 11, 12, 13, 16, 17, 20, 21, 22, 23, 24, 25, 27, 28, 30, 31, 40, 41, 43, 44, 47, 57, 58, 61, 62, 63, 64, 65, 66, 67, 70, 71, 74, 75, 76, 77, 79, 81, 83, 85, 89, 91, 92, 93, 97, 98, 101, 102, 103, 105, 107, 110, 111, 114, 115, 117, 119, 121, 123, 125, 127, 129, 131, 133, 135, 138, 140, 141, 142, 143, 144, 145, 146, 147, 148, 149, 150, 153, 164, 167, 169, 170, 171, 172, 173, 174, 179, 181, 182, 183, 184, 191], "summary": {"covered_lines": 92, "num_statements": 101, "percent_covered": 91.08910891089108, "percent_covered_display": "91", "missing_lines": 9, "excluded_lines": 0, "percent_statements_covered": 91.08910891089108, "percent_statements_covered_display": "91"}, "missing_lines": [45, 94, 151, 152, 195, 196, 197, 198, 199], "excluded_lines": [], "functions": {"BoundingBox.from_index": {"executed_lines": [30, 31], "summary": {"covered_lines": 2, "num_statements": 2, "percent_covered": 100.0, "percent_covered_display": "100", "missing_lines": 0, "excluded_lines": 0, "percent_statements_covered": 100.0, "percent_statements_covered_display": "100"}, "missing_lines": [], "excluded_lines": [], "start_line": 28}, "BoundingBox.combine": {"executed_lines": [43, 44, 47], "summary": {"covered_lines": 3, "num_statements": 4, "percent_covered": 75.0, "percent_covered_display": "75", "missing_lines": 1, "excluded_lines": 0, "percent_statements_covered": 75.0, "percent_statements_covered_display": "75"}, "missing_lines": [45], "excluded_lines": [], "start_line": 41}, "CPACSConfiguration.all_components": {"executed_lines": [81], "summary": {"covered_lines": 1, "num_statements": 1, "percent_covered": 100.0, "percent_covered_display": "100", "missing_lines": 0, "excluded_lines": 0, "percent_statements_covered": 100.0, "percent_statements_covered_display": "100"}, "missing_lines": [], "excluded_lines": [], "start_line": 79}, "CPACSConfiguration.bounding_box": {"executed_lines": [85], "summary": {"covered_lines": 1, "num_statements": 1, "percent_covered": 100.0, "percent_covered_display": "100", "missing_lines": 0, "excluded_lines": 0, "percent_statements_covered": 100.0, "percent_statements_covered_display": "100"}, "missing_lines": [], "excluded_lines": [], "start_line": 83}, "CPACSConfiguration.find_component": {"executed_lines": [91, 92, 93], "summary": {"covered_lines": 3, "num_statements": 4, "percent_covered": 75.0, "percent_covered_display": "75", "missing_lines": 1, "excluded_lines": 0, "percent_statements_covered": 75.0, "percent_statements_covered_display": "75"}, "missing_lines": [94], "excluded_lines": [], "start_line": 89}, "TixiDocument.close": {"executed_lines": [107], "summary": {"covered_lines": 1, "num_statements": 1, "percent_covered": 100.0, "percent_covered_display": "100", "missing_lines": 0, "excluded_lines": 0, "percent_statements_covered": 100.0, "percent_statements_covered_display": "100"}, "missing_lines": [], "excluded_lines": [], "start_line": 105}, "TiglConfiguration.close": {"executed_lines": [119], "summary": {"covered_lines": 1, "num_statements": 1, "percent_covered": 100.0, "percent_covered_display": "100", "missing_lines": 0, "excluded_lines": 0, "percent_statements_covered": 100.0, "percent_statements_covered_display": "100"}, "missing_lines": [], "excluded_lines": [], "start_line": 117}, "TiglConfiguration.getWingCount": {"executed_lines": [123], "summary": {"covered_lines": 1, "num_statements": 1, "percent_covered": 100.0, "percent_covered_display": "100", "missing_lines": 0, "excluded_lines": 0, "percent_statements_covered": 100.0, "percent_statements_covered_display": "100"}, "missing_lines": [], "excluded_lines": [], "start_line": 121}, "TiglConfiguration.getFuselageCount": {"executed_lines": [127], "summary": {"covered_lines": 1, "num_statements": 1, "percent_covered": 100.0, "percent_covered_display": "100", "missing_lines": 0, "excluded_lines": 0, "percent_statements_covered": 100.0, "percent_statements_covered_display": "100"}, "missing_lines": [], "excluded_lines": [], "start_line": 125}, "TiglConfiguration.getRotorCount": {"executed_lines": [131], "summary": {"covered_lines": 1, "num_statements": 1, "percent_covered": 100.0, "percent_covered_display": "100", "missing_lines": 0, "excluded_lines": 0, "percent_statements_covered": 100.0, "percent_statements_covered_display": "100"}, "missing_lines": [], "excluded_lines": [], "start_line": 129}, "TiglConfiguration.getEngineCount": {"executed_lines": [135], "summary": {"covered_lines": 1, "num_statements": 1, "percent_covered": 100.0, "percent_covered_display": "100", "missing_lines": 0, "excluded_lines": 0, "percent_statements_covered": 100.0, "percent_statements_covered_display": "100"}, "missing_lines": [], "excluded_lines": [], "start_line": 133}, "_parse_components": {"executed_lines": [140, 141, 142, 143, 144, 145, 146, 147, 148, 149, 150, 153, 164], "summary": {"covered_lines": 13, "num_statements": 15, "percent_covered": 86.66666666666667, "percent_covered_display": "87", "missing_lines": 2, "excluded_lines": 0, "percent_statements_covered": 86.66666666666667, "percent_statements_covered_display": "87"}, "missing_lines": [151, 152], "excluded_lines": [], "start_line": 138}, "parse_cpacs": {"executed_lines": [169, 170, 171, 172, 173, 174], "summary": {"covered_lines": 6, "num_statements": 6, "percent_covered": 100.0, "percent_covered_display": "100", "missing_lines": 0, "excluded_lines": 0, "percent_statements_covered": 100.0, "percent_statements_covered_display": "100"}, "missing_lines": [], "excluded_lines": [], "start_line": 167}, "extract_metadata": {"executed_lines": [181, 182, 183, 184], "summary": {"covered_lines": 4, "num_statements": 4, "percent_covered": 100.0, "percent_covered_display": "100", "missing_lines": 0, "excluded_lines": 0, "percent_statements_covered": 100.0, "percent_statements_covered_display": "100"}, "missing_lines": [], "excluded_lines": [], "start_line": 179}, "build_handles": {"executed_lines": [], "summary": {"covered_lines": 0, "num_statements": 5, "percent_covered": 0.0, "percent_covered_display": "0", "missing_lines": 5, "excluded_lines": 0, "percent_statements_covered": 0.0, "percent_statements_covered_display": "0"}, "missing_lines": [195, 196, 197, 198, 199], "excluded_lines": [], "start_line": 191}, "": {"executed_lines": [9, 11, 12, 13, 16, 17, 20, 21, 22, 23, 24, 25, 27, 28, 40, 41, 57, 58, 61, 62, 63, 64, 65, 66, 67, 70, 71, 74, 75, 76, 77, 79, 83, 89, 97, 98, 101, 102, 103, 105, 110, 111, 114, 115, 117, 121, 125, 129, 133, 138, 167, 179, 191], "summary": {"covered_lines": 53, "num_statements": 53, "percent_covered": 100.0, "percent_covered_display": "100", "missing_lines": 0, "excluded_lines": 0, "percent_statements_covered": 100.0, "percent_statements_covered_display": "100"}, "missing_lines": [], "excluded_lines": [], "start_line": 1}}, "classes": {"BoundingBox": {"executed_lines": [30, 31, 43, 44, 47], "summary": {"covered_lines": 5, "num_statements": 6, "percent_covered": 83.33333333333333, "percent_covered_display": "83", "missing_lines": 1, "excluded_lines": 0, "percent_statements_covered": 83.33333333333333, "percent_statements_covered_display": "83"}, "missing_lines": [45], "excluded_lines": [], "start_line": 17}, "ComponentDefinition": {"executed_lines": [], "summary": {"covered_lines": 0, "num_statements": 0, "percent_covered": 100.0, "percent_covered_display": "100", "missing_lines": 0, "excluded_lines": 0, "percent_statements_covered": 100.0, "percent_statements_covered_display": "100"}, "missing_lines": [], "excluded_lines": [], "start_line": 58}, "CPACSConfiguration": {"executed_lines": [81, 85, 91, 92, 93], "summary": {"covered_lines": 5, "num_statements": 6, "percent_covered": 83.33333333333333, "percent_covered_display": "83", "missing_lines": 1, "excluded_lines": 0, "percent_statements_covered": 83.33333333333333, "percent_statements_covered_display": "83"}, "missing_lines": [94], "excluded_lines": [], "start_line": 71}, "TixiDocument": {"executed_lines": [107], "summary": {"covered_lines": 1, "num_statements": 1, "percent_covered": 100.0, "percent_covered_display": "100", "missing_lines": 0, "excluded_lines": 0, "percent_statements_covered": 100.0, "percent_statements_covered_display": "100"}, "missing_lines": [], "excluded_lines": [], "start_line": 98}, "TiglConfiguration": {"executed_lines": [119, 123, 127, 131, 135], "summary": {"covered_lines": 5, "num_statements": 5, "percent_covered": 100.0, "percent_covered_display": "100", "missing_lines": 0, "excluded_lines": 0, "percent_statements_covered": 100.0, "percent_statements_covered_display": "100"}, "missing_lines": [], "excluded_lines": [], "start_line": 111}, "": {"executed_lines": [9, 11, 12, 13, 16, 17, 20, 21, 22, 23, 24, 25, 27, 28, 40, 41, 57, 58, 61, 62, 63, 64, 65, 66, 67, 70, 71, 74, 75, 76, 77, 79, 83, 89, 97, 98, 101, 102, 103, 105, 110, 111, 114, 115, 117, 121, 125, 129, 133, 138, 140, 141, 142, 143, 144, 145, 146, 147, 148, 149, 150, 153, 164, 167, 169, 170, 171, 172, 173, 174, 179, 181, 182, 183, 184, 191], "summary": {"covered_lines": 76, "num_statements": 83, "percent_covered": 91.56626506024097, "percent_covered_display": "92", "missing_lines": 7, "excluded_lines": 0, "percent_statements_covered": 91.56626506024097, "percent_statements_covered_display": "92"}, "missing_lines": [151, 152, 195, 196, 197, 198, 199], "excluded_lines": [], "start_line": 1}}}, "src/tigl_mcp_server/cpacs_stubs.py": {"executed_lines": [3, 5, 10, 15, 22, 24, 27, 32, 36, 37, 40, 45, 47], "summary": {"covered_lines": 13, "num_statements": 18, "percent_covered": 72.22222222222223, "percent_covered_display": "72", "missing_lines": 5, "excluded_lines": 0, "percent_statements_covered": 72.22222222222223, "percent_statements_covered_display": "72"}, "missing_lines": [17, 18, 19, 29, 42], "excluded_lines": [], "functions": {"tixiOpenDocument": {"executed_lines": [], "summary": {"covered_lines": 0, "num_statements": 3, "percent_covered": 0.0, "percent_covered_display": "0", "missing_lines": 3, "excluded_lines": 0, "percent_statements_covered": 0.0, "percent_statements_covered_display": "0"}, "missing_lines": [17, 18, 19], "excluded_lines": [], "start_line": 15}, "tixiOpenDocumentFromString": {"executed_lines": [24], "summary": {"covered_lines": 1, "num_statements": 1, "percent_covered": 100.0, "percent_covered_display": "100", "missing_lines": 0, "excluded_lines": 0, "percent_statements_covered": 100.0, "percent_statements_covered_display": "100"}, "missing_lines": [], "excluded_lines": [], "start_line": 22}, "tixiCloseDocument": {"executed_lines": [], "summary": {"covered_lines": 0, "num_statements": 1, "percent_covered": 0.0, "percent_covered_display": "0", "missing_lines": 1, "excluded_lines": 0, "percent_statements_covered": 0.0, "percent_statements_covered_display": "0"}, "missing_lines": [29], "excluded_lines": [], "start_line": 27}, "tiglOpenCPACSConfiguration": {"executed_lines": [36, 37], "summary": {"covered_lines": 2, "num_statements": 2, "percent_covered": 100.0, "percent_covered_display": "100", "missing_lines": 0, "excluded_lines": 0, "percent_statements_covered": 100.0, "percent_statements_covered_display": "100"}, "missing_lines": [], "excluded_lines": [], "start_line": 32}, "tiglCloseCPACSConfiguration": {"executed_lines": [], "summary": {"covered_lines": 0, "num_statements": 1, "percent_covered": 0.0, "percent_covered_display": "0", "missing_lines": 1, "excluded_lines": 0, "percent_statements_covered": 0.0, "percent_statements_covered_display": "0"}, "missing_lines": [42], "excluded_lines": [], "start_line": 40}, "extract_metadata": {"executed_lines": [47], "summary": {"covered_lines": 1, "num_statements": 1, "percent_covered": 100.0, "percent_covered_display": "100", "missing_lines": 0, "excluded_lines": 0, "percent_statements_covered": 100.0, "percent_statements_covered_display": "100"}, "missing_lines": [], "excluded_lines": [], "start_line": 45}, "": {"executed_lines": [3, 5, 10, 15, 22, 27, 32, 40, 45], "summary": {"covered_lines": 9, "num_statements": 9, "percent_covered": 100.0, "percent_covered_display": "100", "missing_lines": 0, "excluded_lines": 0, "percent_statements_covered": 100.0, "percent_statements_covered_display": "100"}, "missing_lines": [], "excluded_lines": [], "start_line": 1}}, "classes": {"": {"executed_lines": [3, 5, 10, 15, 22, 24, 27, 32, 36, 37, 40, 45, 47], "summary": {"covered_lines": 13, "num_statements": 18, "percent_covered": 72.22222222222223, "percent_covered_display": "72", "missing_lines": 5, "excluded_lines": 0, "percent_statements_covered": 72.22222222222223, "percent_statements_covered_display": "72"}, "missing_lines": [17, 18, 19, 29, 42], "excluded_lines": [], "start_line": 1}}}, "src/tigl_mcp_server/errors.py": {"executed_lines": [3, 5, 8, 11, 14, 17, 21, 22, 30, 35, 39], "summary": {"covered_lines": 11, "num_statements": 12, "percent_covered": 91.66666666666667, "percent_covered_display": "92", "missing_lines": 1, "excluded_lines": 0, "percent_statements_covered": 91.66666666666667, "percent_statements_covered_display": "92"}, "missing_lines": [32], "excluded_lines": [], "functions": {"MCPError.__init__": {"executed_lines": [21, 22], "summary": {"covered_lines": 2, "num_statements": 2, "percent_covered": 100.0, "percent_covered_display": "100", "missing_lines": 0, "excluded_lines": 0, "percent_statements_covered": 100.0, "percent_statements_covered_display": "100"}, "missing_lines": [], "excluded_lines": [], "start_line": 17}, "MCPError.to_dict": {"executed_lines": [], "summary": {"covered_lines": 0, "num_statements": 1, "percent_covered": 0.0, "percent_covered_display": "0", "missing_lines": 1, "excluded_lines": 0, "percent_statements_covered": 0.0, "percent_statements_covered_display": "0"}, "missing_lines": [32], "excluded_lines": [], "start_line": 30}, "raise_mcp_error": {"executed_lines": [39], "summary": {"covered_lines": 1, "num_statements": 1, "percent_covered": 100.0, "percent_covered_display": "100", "missing_lines": 0, "excluded_lines": 0, "percent_statements_covered": 100.0, "percent_statements_covered_display": "100"}, "missing_lines": [], "excluded_lines": [], "start_line": 35}, "": {"executed_lines": [3, 5, 8, 11, 14, 17, 30, 35], "summary": {"covered_lines": 8, "num_statements": 8, "percent_covered": 100.0, "percent_covered_display": "100", "missing_lines": 0, "excluded_lines": 0, "percent_statements_covered": 100.0, "percent_statements_covered_display": "100"}, "missing_lines": [], "excluded_lines": [], "start_line": 1}}, "classes": {"MCPErrorPayload": {"executed_lines": [], "summary": {"covered_lines": 0, "num_statements": 0, "percent_covered": 100.0, "percent_covered_display": "100", "missing_lines": 0, "excluded_lines": 0, "percent_statements_covered": 100.0, "percent_statements_covered_display": "100"}, "missing_lines": [], "excluded_lines": [], "start_line": 8}, "MCPError": {"executed_lines": [21, 22], "summary": {"covered_lines": 2, "num_statements": 3, "percent_covered": 66.66666666666667, "percent_covered_display": "67", "missing_lines": 1, "excluded_lines": 0, "percent_statements_covered": 66.66666666666667, "percent_statements_covered_display": "67"}, "missing_lines": [32], "excluded_lines": [], "start_line": 14}, "": {"executed_lines": [3, 5, 8, 11, 14, 17, 30, 35, 39], "summary": {"covered_lines": 9, "num_statements": 9, "percent_covered": 100.0, "percent_covered_display": "100", "missing_lines": 0, "excluded_lines": 0, "percent_statements_covered": 100.0, "percent_statements_covered_display": "100"}, "missing_lines": [], "excluded_lines": [], "start_line": 1}}}, "src/tigl_mcp_server/fastmcp_adapter.py": {"executed_lines": [3, 5, 6, 8, 9, 10, 12, 13, 14, 17, 20, 22, 29, 31, 33, 34, 35, 38, 40, 43, 47, 51, 52, 53, 54], "summary": {"covered_lines": 25, "num_statements": 25, "percent_covered": 100.0, "percent_covered_display": "100", "missing_lines": 0, "excluded_lines": 0, "percent_statements_covered": 100.0, "percent_statements_covered_display": "100"}, "missing_lines": [], "excluded_lines": [], "functions": {"ToolDefinitionAdapter.__init__": {"executed_lines": [22, 29], "summary": {"covered_lines": 2, "num_statements": 2, "percent_covered": 100.0, "percent_covered_display": "100", "missing_lines": 0, "excluded_lines": 0, "percent_statements_covered": 100.0, "percent_statements_covered_display": "100"}, "missing_lines": [], "excluded_lines": [], "start_line": 20}, "ToolDefinitionAdapter.run": {"executed_lines": [33, 34, 35], "summary": {"covered_lines": 3, "num_statements": 3, "percent_covered": 100.0, "percent_covered_display": "100", "missing_lines": 0, "excluded_lines": 0, "percent_statements_covered": 100.0, "percent_statements_covered_display": "100"}, "missing_lines": [], "excluded_lines": [], "start_line": 31}, "to_fastmcp_tools": {"executed_lines": [40], "summary": {"covered_lines": 1, "num_statements": 1, "percent_covered": 100.0, "percent_covered_display": "100", "missing_lines": 0, "excluded_lines": 0, "percent_statements_covered": 100.0, "percent_statements_covered_display": "100"}, "missing_lines": [], "excluded_lines": [], "start_line": 38}, "build_fastmcp_app": {"executed_lines": [47, 51, 52, 53, 54], "summary": {"covered_lines": 5, "num_statements": 5, "percent_covered": 100.0, "percent_covered_display": "100", "missing_lines": 0, "excluded_lines": 0, "percent_statements_covered": 100.0, "percent_statements_covered_display": "100"}, "missing_lines": [], "excluded_lines": [], "start_line": 43}, "": {"executed_lines": [3, 5, 6, 8, 9, 10, 12, 13, 14, 17, 20, 31, 38, 43], "summary": {"covered_lines": 14, "num_statements": 14, "percent_covered": 100.0, "percent_covered_display": "100", "missing_lines": 0, "excluded_lines": 0, "percent_statements_covered": 100.0, "percent_statements_covered_display": "100"}, "missing_lines": [], "excluded_lines": [], "start_line": 1}}, "classes": {"ToolDefinitionAdapter": {"executed_lines": [22, 29, 33, 34, 35], "summary": {"covered_lines": 5, "num_statements": 5, "percent_covered": 100.0, "percent_covered_display": "100", "missing_lines": 0, "excluded_lines": 0, "percent_statements_covered": 100.0, "percent_statements_covered_display": "100"}, "missing_lines": [], "excluded_lines": [], "start_line": 17}, "": {"executed_lines": [3, 5, 6, 8, 9, 10, 12, 13, 14, 17, 20, 31, 38, 40, 43, 47, 51, 52, 53, 54], "summary": {"covered_lines": 20, "num_statements": 20, "percent_covered": 100.0, "percent_covered_display": "100", "missing_lines": 0, "excluded_lines": 0, "percent_statements_covered": 100.0, "percent_statements_covered_display": "100"}, "missing_lines": [], "excluded_lines": [], "start_line": 1}}}, "src/tigl_mcp_server/main.py": {"executed_lines": [3, 5, 6, 7, 9, 10, 13, 15, 16, 25, 30, 36, 43, 46, 48, 49, 51, 53, 54, 55, 56, 57, 58, 60, 61, 64], "summary": {"covered_lines": 26, "num_statements": 27, "percent_covered": 96.29629629629629, "percent_covered_display": "96", "missing_lines": 1, "excluded_lines": 0, "percent_statements_covered": 96.29629629629629, "percent_statements_covered_display": "96"}, "missing_lines": [65], "excluded_lines": [], "functions": {"build_parser": {"executed_lines": [15, 16, 25, 30, 36, 43], "summary": {"covered_lines": 6, "num_statements": 6, "percent_covered": 100.0, "percent_covered_display": "100", "missing_lines": 0, "excluded_lines": 0, "percent_statements_covered": 100.0, "percent_statements_covered_display": "100"}, "missing_lines": [], "excluded_lines": [], "start_line": 13}, "main": {"executed_lines": [48, 49, 51, 53, 54, 55, 56, 57, 58, 60, 61], "summary": {"covered_lines": 11, "num_statements": 11, "percent_covered": 100.0, "percent_covered_display": "100", "missing_lines": 0, "excluded_lines": 0, "percent_statements_covered": 100.0, "percent_statements_covered_display": "100"}, "missing_lines": [], "excluded_lines": [], "start_line": 46}, "": {"executed_lines": [3, 5, 6, 7, 9, 10, 13, 46, 64], "summary": {"covered_lines": 9, "num_statements": 10, "percent_covered": 90.0, "percent_covered_display": "90", "missing_lines": 1, "excluded_lines": 0, "percent_statements_covered": 90.0, "percent_statements_covered_display": "90"}, "missing_lines": [65], "excluded_lines": [], "start_line": 1}}, "classes": {"": {"executed_lines": [3, 5, 6, 7, 9, 10, 13, 15, 16, 25, 30, 36, 43, 46, 48, 49, 51, 53, 54, 55, 56, 57, 58, 60, 61, 64], "summary": {"covered_lines": 26, "num_statements": 27, "percent_covered": 96.29629629629629, "percent_covered_display": "96", "missing_lines": 1, "excluded_lines": 0, "percent_statements_covered": 96.29629629629629, "percent_statements_covered_display": "96"}, "missing_lines": [65], "excluded_lines": [], "start_line": 1}}}, "src/tigl_mcp_server/session_manager.py": {"executed_lines": [3, 5, 6, 7, 9, 10, 13, 14, 17, 18, 19, 22, 25, 27, 28, 30, 37, 38, 39, 42, 44, 48, 49, 50, 51, 52, 54, 56, 57, 58, 60, 61, 62, 65], "summary": {"covered_lines": 34, "num_statements": 35, "percent_covered": 97.14285714285714, "percent_covered_display": "97", "missing_lines": 1, "excluded_lines": 0, "percent_statements_covered": 97.14285714285714, "percent_statements_covered_display": "97"}, "missing_lines": [59], "excluded_lines": [], "functions": {"SessionManager.__init__": {"executed_lines": [27, 28], "summary": {"covered_lines": 2, "num_statements": 2, "percent_covered": 100.0, "percent_covered_display": "100", "missing_lines": 0, "excluded_lines": 0, "percent_statements_covered": 100.0, "percent_statements_covered_display": "100"}, "missing_lines": [], "excluded_lines": [], "start_line": 25}, "SessionManager.create_session": {"executed_lines": [37, 38, 39, 42], "summary": {"covered_lines": 4, "num_statements": 4, "percent_covered": 100.0, "percent_covered_display": "100", "missing_lines": 0, "excluded_lines": 0, "percent_statements_covered": 100.0, "percent_statements_covered_display": "100"}, "missing_lines": [], "excluded_lines": [], "start_line": 30}, "SessionManager.get": {"executed_lines": [48, 49, 50, 51, 52], "summary": {"covered_lines": 5, "num_statements": 5, "percent_covered": 100.0, "percent_covered_display": "100", "missing_lines": 0, "excluded_lines": 0, "percent_statements_covered": 100.0, "percent_statements_covered_display": "100"}, "missing_lines": [], "excluded_lines": [], "start_line": 44}, "SessionManager.close": {"executed_lines": [56, 57, 58, 60, 61, 62], "summary": {"covered_lines": 6, "num_statements": 7, "percent_covered": 85.71428571428571, "percent_covered_display": "86", "missing_lines": 1, "excluded_lines": 0, "percent_statements_covered": 85.71428571428571, "percent_statements_covered_display": "86"}, "missing_lines": [59], "excluded_lines": [], "start_line": 54}, "": {"executed_lines": [3, 5, 6, 7, 9, 10, 13, 14, 17, 18, 19, 22, 25, 30, 44, 54, 65], "summary": {"covered_lines": 17, "num_statements": 17, "percent_covered": 100.0, "percent_covered_display": "100", "missing_lines": 0, "excluded_lines": 0, "percent_statements_covered": 100.0, "percent_statements_covered_display": "100"}, "missing_lines": [], "excluded_lines": [], "start_line": 1}}, "classes": {"SessionData": {"executed_lines": [], "summary": {"covered_lines": 0, "num_statements": 0, "percent_covered": 100.0, "percent_covered_display": "100", "missing_lines": 0, "excluded_lines": 0, "percent_statements_covered": 100.0, "percent_statements_covered_display": "100"}, "missing_lines": [], "excluded_lines": [], "start_line": 14}, "SessionManager": {"executed_lines": [27, 28, 37, 38, 39, 42, 48, 49, 50, 51, 52, 56, 57, 58, 60, 61, 62], "summary": {"covered_lines": 17, "num_statements": 18, "percent_covered": 94.44444444444444, "percent_covered_display": "94", "missing_lines": 1, "excluded_lines": 0, "percent_statements_covered": 94.44444444444444, "percent_statements_covered_display": "94"}, "missing_lines": [59], "excluded_lines": [], "start_line": 22}, "": {"executed_lines": [3, 5, 6, 7, 9, 10, 13, 14, 17, 18, 19, 22, 25, 30, 44, 54, 65], "summary": {"covered_lines": 17, "num_statements": 17, "percent_covered": 100.0, "percent_covered_display": "100", "missing_lines": 0, "excluded_lines": 0, "percent_statements_covered": 100.0, "percent_statements_covered_display": "100"}, "missing_lines": [], "excluded_lines": [], "start_line": 1}}}, "src/tigl_mcp_server/tooling.py": {"executed_lines": [3, 5, 6, 7, 9, 12, 15, 18, 19, 30, 31, 32, 33, 34, 36, 49, 50, 51, 52, 53, 55], "summary": {"covered_lines": 21, "num_statements": 25, "percent_covered": 84.0, "percent_covered_display": "84", "missing_lines": 4, "excluded_lines": 0, "percent_statements_covered": 84.0, "percent_statements_covered_display": "84"}, "missing_lines": [57, 62, 63, 64], "excluded_lines": [], "functions": {"ToolDefinition.validate": {"executed_lines": [49, 50, 51, 52, 53], "summary": {"covered_lines": 5, "num_statements": 5, "percent_covered": 100.0, "percent_covered_display": "100", "missing_lines": 0, "excluded_lines": 0, "percent_statements_covered": 100.0, "percent_statements_covered_display": "100"}, "missing_lines": [], "excluded_lines": [], "start_line": 36}, "ToolDefinition.metadata": {"executed_lines": [], "summary": {"covered_lines": 0, "num_statements": 4, "percent_covered": 0.0, "percent_covered_display": "0", "missing_lines": 4, "excluded_lines": 0, "percent_statements_covered": 0.0, "percent_statements_covered_display": "0"}, "missing_lines": [57, 62, 63, 64], "excluded_lines": [], "start_line": 55}, "": {"executed_lines": [3, 5, 6, 7, 9, 12, 15, 18, 19, 30, 31, 32, 33, 34, 36, 55], "summary": {"covered_lines": 16, "num_statements": 16, "percent_covered": 100.0, "percent_covered_display": "100", "missing_lines": 0, "excluded_lines": 0, "percent_statements_covered": 100.0, "percent_statements_covered_display": "100"}, "missing_lines": [], "excluded_lines": [], "start_line": 1}}, "classes": {"ToolParameters": {"executed_lines": [], "summary": {"covered_lines": 0, "num_statements": 0, "percent_covered": 100.0, "percent_covered_display": "100", "missing_lines": 0, "excluded_lines": 0, "percent_statements_covered": 100.0, "percent_statements_covered_display": "100"}, "missing_lines": [], "excluded_lines": [], "start_line": 12}, "ToolDefinition": {"executed_lines": [49, 50, 51, 52, 53], "summary": {"covered_lines": 5, "num_statements": 9, "percent_covered": 55.55555555555556, "percent_covered_display": "56", "missing_lines": 4, "excluded_lines": 0, "percent_statements_covered": 55.55555555555556, "percent_statements_covered_display": "56"}, "missing_lines": [57, 62, 63, 64], "excluded_lines": [], "start_line": 19}, "": {"executed_lines": [3, 5, 6, 7, 9, 12, 15, 18, 19, 30, 31, 32, 33, 34, 36, 55], "summary": {"covered_lines": 16, "num_statements": 16, "percent_covered": 100.0, "percent_covered_display": "100", "missing_lines": 0, "excluded_lines": 0, "percent_statements_covered": 100.0, "percent_statements_covered_display": "100"}, "missing_lines": [], "excluded_lines": [], "start_line": 1}}}, "src/tigl_mcp_server/tools/__init__.py": {"executed_lines": [3, 5, 6, 7, 12, 13, 17, 21, 25, 32, 34], "summary": {"covered_lines": 11, "num_statements": 11, "percent_covered": 100.0, "percent_covered_display": "100", "missing_lines": 0, "excluded_lines": 0, "percent_statements_covered": 100.0, "percent_statements_covered_display": "100"}, "missing_lines": [], "excluded_lines": [], "functions": {"build_tools": {"executed_lines": [34], "summary": {"covered_lines": 1, "num_statements": 1, "percent_covered": 100.0, "percent_covered_display": "100", "missing_lines": 0, "excluded_lines": 0, "percent_statements_covered": 100.0, "percent_statements_covered_display": "100"}, "missing_lines": [], "excluded_lines": [], "start_line": 32}, "": {"executed_lines": [3, 5, 6, 7, 12, 13, 17, 21, 25, 32], "summary": {"covered_lines": 10, "num_statements": 10, "percent_covered": 100.0, "percent_covered_display": "100", "missing_lines": 0, "excluded_lines": 0, "percent_statements_covered": 100.0, "percent_statements_covered_display": "100"}, "missing_lines": [], "excluded_lines": [], "start_line": 1}}, "classes": {"": {"executed_lines": [3, 5, 6, 7, 12, 13, 17, 21, 25, 32, 34], "summary": {"covered_lines": 11, "num_statements": 11, "percent_covered": 100.0, "percent_covered_display": "100", "missing_lines": 0, "excluded_lines": 0, "percent_statements_covered": 100.0, "percent_statements_covered_display": "100"}, "missing_lines": [], "excluded_lines": [], "start_line": 1}}}, "src/tigl_mcp_server/tools/common.py": {"executed_lines": [3, 5, 7, 13, 14, 17, 20, 21, 22, 23, 24, 25, 28, 32, 33, 34, 35, 40, 42, 43], "summary": {"covered_lines": 20, "num_statements": 21, "percent_covered": 95.23809523809524, "percent_covered_display": "95", "missing_lines": 1, "excluded_lines": 2, "percent_statements_covered": 95.23809523809524, "percent_statements_covered_display": "95"}, "missing_lines": [51], "excluded_lines": [36, 37], "functions": {"require_session": {"executed_lines": [32, 33, 34, 35], "summary": {"covered_lines": 4, "num_statements": 4, "percent_covered": 100.0, "percent_covered_display": "100", "missing_lines": 0, "excluded_lines": 2, "percent_statements_covered": 100.0, "percent_statements_covered_display": "100"}, "missing_lines": [], "excluded_lines": [36, 37], "start_line": 28}, "format_bounding_box": {"executed_lines": [42, 43], "summary": {"covered_lines": 2, "num_statements": 3, "percent_covered": 66.66666666666667, "percent_covered_display": "67", "missing_lines": 1, "excluded_lines": 0, "percent_statements_covered": 66.66666666666667, "percent_statements_covered_display": "67"}, "missing_lines": [51], "excluded_lines": [], "start_line": 40}, "": {"executed_lines": [3, 5, 7, 13, 14, 17, 20, 21, 22, 23, 24, 25, 28, 40], "summary": {"covered_lines": 14, "num_statements": 14, "percent_covered": 100.0, "percent_covered_display": "100", "missing_lines": 0, "excluded_lines": 0, "percent_statements_covered": 100.0, "percent_statements_covered_display": "100"}, "missing_lines": [], "excluded_lines": [], "start_line": 1}}, "classes": {"BoundingBoxDict": {"executed_lines": [], "summary": {"covered_lines": 0, "num_statements": 0, "percent_covered": 100.0, "percent_covered_display": "100", "missing_lines": 0, "excluded_lines": 0, "percent_statements_covered": 100.0, "percent_statements_covered_display": "100"}, "missing_lines": [], "excluded_lines": [], "start_line": 17}, "": {"executed_lines": [3, 5, 7, 13, 14, 17, 20, 21, 22, 23, 24, 25, 28, 32, 33, 34, 35, 40, 42, 43], "summary": {"covered_lines": 20, "num_statements": 21, "percent_covered": 95.23809523809524, "percent_covered_display": "95", "missing_lines": 1, "excluded_lines": 2, "percent_statements_covered": 95.23809523809524, "percent_statements_covered_display": "95"}, "missing_lines": [51], "excluded_lines": [36, 37], "start_line": 1}}}, "src/tigl_mcp_server/tools/configuration.py": {"executed_lines": [3, 5, 6, 7, 8, 9, 12, 15, 18, 21, 24, 27, 30, 32, 45, 48, 49, 50, 51, 52, 53, 57, 61, 65, 69, 76, 77, 83, 92, 95, 96, 97, 98, 99, 102, 108, 109, 110, 111, 112, 118, 127, 130, 131, 132, 133, 134, 135, 139, 149, 150, 157, 161, 162, 170], "summary": {"covered_lines": 55, "num_statements": 62, "percent_covered": 88.70967741935483, "percent_covered_display": "89", "missing_lines": 7, "excluded_lines": 6, "percent_statements_covered": 88.70967741935483, "percent_statements_covered_display": "89"}, "missing_lines": [103, 113, 114, 136, 158, 163, 164], "excluded_lines": [78, 79, 115, 116, 165, 166], "functions": {"_component_to_dict": {"executed_lines": [32], "summary": {"covered_lines": 1, "num_statements": 1, "percent_covered": 100.0, "percent_covered_display": "100", "missing_lines": 0, "excluded_lines": 0, "percent_statements_covered": 100.0, "percent_statements_covered_display": "100"}, "missing_lines": [], "excluded_lines": [], "start_line": 30}, "get_configuration_summary_tool": {"executed_lines": [48, 83], "summary": {"covered_lines": 2, "num_statements": 2, "percent_covered": 100.0, "percent_covered_display": "100", "missing_lines": 0, "excluded_lines": 0, "percent_statements_covered": 100.0, "percent_statements_covered_display": "100"}, "missing_lines": [], "excluded_lines": [], "start_line": 45}, "get_configuration_summary_tool.handler": {"executed_lines": [49, 50, 51, 52, 53, 57, 61, 65, 69, 76, 77], "summary": {"covered_lines": 11, "num_statements": 11, "percent_covered": 100.0, "percent_covered_display": "100", "missing_lines": 0, "excluded_lines": 2, "percent_statements_covered": 100.0, "percent_statements_covered_display": "100"}, "missing_lines": [], "excluded_lines": [78, 79], "start_line": 48}, "list_geometric_components_tool": {"executed_lines": [95, 118], "summary": {"covered_lines": 2, "num_statements": 2, "percent_covered": 100.0, "percent_covered_display": "100", "missing_lines": 0, "excluded_lines": 0, "percent_statements_covered": 100.0, "percent_statements_covered_display": "100"}, "missing_lines": [], "excluded_lines": [], "start_line": 92}, "list_geometric_components_tool.handler": {"executed_lines": [96, 97, 98, 99, 102, 108, 109, 110, 111, 112], "summary": {"covered_lines": 10, "num_statements": 13, "percent_covered": 76.92307692307692, "percent_covered_display": "77", "missing_lines": 3, "excluded_lines": 2, "percent_statements_covered": 76.92307692307692, "percent_statements_covered_display": "77"}, "missing_lines": [103, 113, 114], "excluded_lines": [115, 116], "start_line": 95}, "get_component_metadata_tool": {"executed_lines": [130, 170], "summary": {"covered_lines": 2, "num_statements": 2, "percent_covered": 100.0, "percent_covered_display": "100", "missing_lines": 0, "excluded_lines": 0, "percent_statements_covered": 100.0, "percent_statements_covered_display": "100"}, "missing_lines": [], "excluded_lines": [], "start_line": 127}, "get_component_metadata_tool.handler": {"executed_lines": [131, 132, 133, 134, 135, 139, 149, 150, 157, 161, 162], "summary": {"covered_lines": 11, "num_statements": 15, "percent_covered": 73.33333333333333, "percent_covered_display": "73", "missing_lines": 4, "excluded_lines": 2, "percent_statements_covered": 73.33333333333333, "percent_statements_covered_display": "73"}, "missing_lines": [136, 158, 163, 164], "excluded_lines": [165, 166], "start_line": 130}, "": {"executed_lines": [3, 5, 6, 7, 8, 9, 12, 15, 18, 21, 24, 27, 30, 45, 92, 127], "summary": {"covered_lines": 16, "num_statements": 16, "percent_covered": 100.0, "percent_covered_display": "100", "missing_lines": 0, "excluded_lines": 0, "percent_statements_covered": 100.0, "percent_statements_covered_display": "100"}, "missing_lines": [], "excluded_lines": [], "start_line": 1}}, "classes": {"SessionOnlyParams": {"executed_lines": [], "summary": {"covered_lines": 0, "num_statements": 0, "percent_covered": 100.0, "percent_covered_display": "100", "missing_lines": 0, "excluded_lines": 0, "percent_statements_covered": 100.0, "percent_statements_covered_display": "100"}, "missing_lines": [], "excluded_lines": [], "start_line": 12}, "ListComponentsParams": {"executed_lines": [], "summary": {"covered_lines": 0, "num_statements": 0, "percent_covered": 100.0, "percent_covered_display": "100", "missing_lines": 0, "excluded_lines": 0, "percent_statements_covered": 100.0, "percent_statements_covered_display": "100"}, "missing_lines": [], "excluded_lines": [], "start_line": 18}, "ComponentMetadataParams": {"executed_lines": [], "summary": {"covered_lines": 0, "num_statements": 0, "percent_covered": 100.0, "percent_covered_display": "100", "missing_lines": 0, "excluded_lines": 0, "percent_statements_covered": 100.0, "percent_statements_covered_display": "100"}, "missing_lines": [], "excluded_lines": [], "start_line": 24}, "": {"executed_lines": [3, 5, 6, 7, 8, 9, 12, 15, 18, 21, 24, 27, 30, 32, 45, 48, 49, 50, 51, 52, 53, 57, 61, 65, 69, 76, 77, 83, 92, 95, 96, 97, 98, 99, 102, 108, 109, 110, 111, 112, 118, 127, 130, 131, 132, 133, 134, 135, 139, 149, 150, 157, 161, 162, 170], "summary": {"covered_lines": 55, "num_statements": 62, "percent_covered": 88.70967741935483, "percent_covered_display": "89", "missing_lines": 7, "excluded_lines": 6, "percent_statements_covered": 88.70967741935483, "percent_statements_covered_display": "89"}, "missing_lines": [103, 113, 114, 136, 158, 163, 164], "excluded_lines": [78, 79, 115, 116, 165, 166], "start_line": 1}}}, "src/tigl_mcp_server/tools/cpacs_io.py": {"executed_lines": [3, 5, 6, 8, 9, 10, 11, 14, 17, 18, 21, 24, 27, 28, 29, 30, 32, 33, 36, 39, 40, 41, 42, 43, 44, 45, 48, 54, 64, 77, 80, 81, 82, 83, 84, 90], "summary": {"covered_lines": 36, "num_statements": 41, "percent_covered": 87.8048780487805, "percent_covered_display": "88", "missing_lines": 5, "excluded_lines": 4, "percent_statements_covered": 87.8048780487805, "percent_statements_covered_display": "88"}, "missing_lines": [31, 59, 60, 85, 86], "excluded_lines": [61, 62, 87, 88], "functions": {"_read_source": {"executed_lines": [28, 29, 30, 32, 33], "summary": {"covered_lines": 5, "num_statements": 6, "percent_covered": 83.33333333333333, "percent_covered_display": "83", "missing_lines": 1, "excluded_lines": 0, "percent_statements_covered": 83.33333333333333, "percent_statements_covered_display": "83"}, "missing_lines": [31], "excluded_lines": [], "start_line": 27}, "open_cpacs_tool": {"executed_lines": [39, 64], "summary": {"covered_lines": 2, "num_statements": 2, "percent_covered": 100.0, "percent_covered_display": "100", "missing_lines": 0, "excluded_lines": 0, "percent_statements_covered": 100.0, "percent_statements_covered_display": "100"}, "missing_lines": [], "excluded_lines": [], "start_line": 36}, "open_cpacs_tool.handler": {"executed_lines": [40, 41, 42, 43, 44, 45, 48, 54], "summary": {"covered_lines": 8, "num_statements": 10, "percent_covered": 80.0, "percent_covered_display": "80", "missing_lines": 2, "excluded_lines": 2, "percent_statements_covered": 80.0, "percent_statements_covered_display": "80"}, "missing_lines": [59, 60], "excluded_lines": [61, 62], "start_line": 39}, "close_cpacs_tool": {"executed_lines": [80, 90], "summary": {"covered_lines": 2, "num_statements": 2, "percent_covered": 100.0, "percent_covered_display": "100", "missing_lines": 0, "excluded_lines": 0, "percent_statements_covered": 100.0, "percent_statements_covered_display": "100"}, "missing_lines": [], "excluded_lines": [], "start_line": 77}, "close_cpacs_tool.handler": {"executed_lines": [81, 82, 83, 84], "summary": {"covered_lines": 4, "num_statements": 6, "percent_covered": 66.66666666666667, "percent_covered_display": "67", "missing_lines": 2, "excluded_lines": 2, "percent_statements_covered": 66.66666666666667, "percent_statements_covered_display": "67"}, "missing_lines": [85, 86], "excluded_lines": [87, 88], "start_line": 80}, "": {"executed_lines": [3, 5, 6, 8, 9, 10, 11, 14, 17, 18, 21, 24, 27, 36, 77], "summary": {"covered_lines": 15, "num_statements": 15, "percent_covered": 100.0, "percent_covered_display": "100", "missing_lines": 0, "excluded_lines": 0, "percent_statements_covered": 100.0, "percent_statements_covered_display": "100"}, "missing_lines": [], "excluded_lines": [], "start_line": 1}}, "classes": {"OpenCpacsParams": {"executed_lines": [], "summary": {"covered_lines": 0, "num_statements": 0, "percent_covered": 100.0, "percent_covered_display": "100", "missing_lines": 0, "excluded_lines": 0, "percent_statements_covered": 100.0, "percent_statements_covered_display": "100"}, "missing_lines": [], "excluded_lines": [], "start_line": 14}, "CloseCpacsParams": {"executed_lines": [], "summary": {"covered_lines": 0, "num_statements": 0, "percent_covered": 100.0, "percent_covered_display": "100", "missing_lines": 0, "excluded_lines": 0, "percent_statements_covered": 100.0, "percent_statements_covered_display": "100"}, "missing_lines": [], "excluded_lines": [], "start_line": 21}, "": {"executed_lines": [3, 5, 6, 8, 9, 10, 11, 14, 17, 18, 21, 24, 27, 28, 29, 30, 32, 33, 36, 39, 40, 41, 42, 43, 44, 45, 48, 54, 64, 77, 80, 81, 82, 83, 84, 90], "summary": {"covered_lines": 36, "num_statements": 41, "percent_covered": 87.8048780487805, "percent_covered_display": "88", "missing_lines": 5, "excluded_lines": 4, "percent_statements_covered": 87.8048780487805, "percent_statements_covered_display": "88"}, "missing_lines": [31, 59, 60, 85, 86], "excluded_lines": [61, 62, 87, 88], "start_line": 1}}}, "src/tigl_mcp_server/tools/export.py": {"executed_lines": [3, 5, 6, 7, 8, 9, 10, 12, 13, 14, 15, 16, 18, 21, 24, 25, 26, 27, 30, 33, 34, 37, 39, 40, 50, 61, 65, 66, 67, 72, 76, 77, 78, 82, 91, 96, 97, 98, 99, 100, 102, 103, 104, 105, 107, 108, 109, 111, 112, 114, 115, 119, 120, 121, 122, 123, 124, 133, 139, 142, 146, 147, 177, 183, 184, 186, 189, 191, 192, 195, 198, 202, 205, 208, 214, 217, 220, 221, 222, 223, 224, 225, 230, 235, 240, 242, 244, 250, 251, 257, 266, 269, 270, 271, 272, 273, 274, 275, 283], "summary": {"covered_lines": 99, "num_statements": 121, "percent_covered": 81.81818181818181, "percent_covered_display": "82", "missing_lines": 22, "excluded_lines": 8, "percent_statements_covered": 81.81818181818181, "percent_statements_covered_display": "82"}, "missing_lines": [41, 42, 43, 52, 69, 83, 92, 125, 134, 158, 159, 166, 167, 174, 193, 194, 203, 206, 209, 226, 276, 277], "excluded_lines": [84, 85, 126, 127, 252, 253, 278, 279], "functions": {"_coerce_mesh_bytes": {"executed_lines": [39, 40], "summary": {"covered_lines": 2, "num_statements": 5, "percent_covered": 40.0, "percent_covered_display": "40", "missing_lines": 3, "excluded_lines": 0, "percent_statements_covered": 40.0, "percent_statements_covered_display": "40"}, "missing_lines": [41, 42, 43], "excluded_lines": [], "start_line": 37}, "_raise_unsupported_format": {"executed_lines": [], "summary": {"covered_lines": 0, "num_statements": 1, "percent_covered": 0.0, "percent_covered_display": "0", "missing_lines": 1, "excluded_lines": 0, "percent_statements_covered": 0.0, "percent_statements_covered_display": "0"}, "missing_lines": [52], "excluded_lines": [], "start_line": 50}, "_ensure_export_supported": {"executed_lines": [65, 66, 67], "summary": {"covered_lines": 3, "num_statements": 4, "percent_covered": 75.0, "percent_covered_display": "75", "missing_lines": 1, "excluded_lines": 0, "percent_statements_covered": 75.0, "percent_statements_covered_display": "75"}, "missing_lines": [69], "excluded_lines": [], "start_line": 61}, "_export_su2_via_tigl": {"executed_lines": [76, 77, 78, 82, 91, 96, 97, 98, 99, 100, 102, 103, 107, 111, 114, 115, 119, 120, 121, 122, 123, 124, 133, 139], "summary": {"covered_lines": 24, "num_statements": 28, "percent_covered": 85.71428571428571, "percent_covered_display": "86", "missing_lines": 4, "excluded_lines": 4, "percent_statements_covered": 85.71428571428571, "percent_statements_covered_display": "86"}, "missing_lines": [83, 92, 125, 134], "excluded_lines": [84, 85, 126, 127], "start_line": 72}, "_export_su2_via_tigl._SU2Cell.__init__": {"executed_lines": [104, 105], "summary": {"covered_lines": 2, "num_statements": 2, "percent_covered": 100.0, "percent_covered_display": "100", "missing_lines": 0, "excluded_lines": 0, "percent_statements_covered": 100.0, "percent_statements_covered_display": "100"}, "missing_lines": [], "excluded_lines": [], "start_line": 103}, "_export_su2_via_tigl._SU2Cell.__iter__": {"executed_lines": [108, 109], "summary": {"covered_lines": 2, "num_statements": 2, "percent_covered": 100.0, "percent_covered_display": "100", "missing_lines": 0, "excluded_lines": 0, "percent_statements_covered": 100.0, "percent_statements_covered_display": "100"}, "missing_lines": [], "excluded_lines": [], "start_line": 107}, "_export_su2_via_tigl._SU2Cell.__len__": {"executed_lines": [112], "summary": {"covered_lines": 1, "num_statements": 1, "percent_covered": 100.0, "percent_covered_display": "100", "missing_lines": 0, "excluded_lines": 0, "percent_statements_covered": 100.0, "percent_statements_covered_display": "100"}, "missing_lines": [], "excluded_lines": [], "start_line": 111}, "_synthetic_mesh_bytes": {"executed_lines": [146, 147], "summary": {"covered_lines": 2, "num_statements": 7, "percent_covered": 28.571428571428573, "percent_covered_display": "29", "missing_lines": 5, "excluded_lines": 0, "percent_statements_covered": 28.571428571428573, "percent_statements_covered_display": "29"}, "missing_lines": [158, 159, 166, 167, 174], "excluded_lines": [], "start_line": 142}, "_export_mesh_bytes": {"executed_lines": [183, 184, 186], "summary": {"covered_lines": 3, "num_statements": 3, "percent_covered": 100.0, "percent_covered_display": "100", "missing_lines": 0, "excluded_lines": 0, "percent_statements_covered": 100.0, "percent_statements_covered_display": "100"}, "missing_lines": [], "excluded_lines": [], "start_line": 177}, "_looks_like_handle": {"executed_lines": [191, 192, 195], "summary": {"covered_lines": 3, "num_statements": 5, "percent_covered": 60.0, "percent_covered_display": "60", "missing_lines": 2, "excluded_lines": 0, "percent_statements_covered": 60.0, "percent_statements_covered_display": "60"}, "missing_lines": [193, 194], "excluded_lines": [], "start_line": 189}, "_validate_mesh_bytes": {"executed_lines": [202, 205, 208, 214], "summary": {"covered_lines": 4, "num_statements": 7, "percent_covered": 57.142857142857146, "percent_covered_display": "57", "missing_lines": 3, "excluded_lines": 0, "percent_statements_covered": 57.142857142857146, "percent_statements_covered_display": "57"}, "missing_lines": [203, 206, 209], "excluded_lines": [], "start_line": 198}, "export_component_mesh_tool": {"executed_lines": [220, 257], "summary": {"covered_lines": 2, "num_statements": 2, "percent_covered": 100.0, "percent_covered_display": "100", "missing_lines": 0, "excluded_lines": 0, "percent_statements_covered": 100.0, "percent_statements_covered_display": "100"}, "missing_lines": [], "excluded_lines": [], "start_line": 217}, "export_component_mesh_tool.handler": {"executed_lines": [221, 222, 223, 224, 225, 230, 235, 240, 242, 244, 250, 251], "summary": {"covered_lines": 12, "num_statements": 13, "percent_covered": 92.3076923076923, "percent_covered_display": "92", "missing_lines": 1, "excluded_lines": 2, "percent_statements_covered": 92.3076923076923, "percent_statements_covered_display": "92"}, "missing_lines": [226], "excluded_lines": [252, 253], "start_line": 220}, "export_configuration_cad_tool": {"executed_lines": [269, 283], "summary": {"covered_lines": 2, "num_statements": 2, "percent_covered": 100.0, "percent_covered_display": "100", "missing_lines": 0, "excluded_lines": 0, "percent_statements_covered": 100.0, "percent_statements_covered_display": "100"}, "missing_lines": [], "excluded_lines": [], "start_line": 266}, "export_configuration_cad_tool.handler": {"executed_lines": [270, 271, 272, 273, 274, 275], "summary": {"covered_lines": 6, "num_statements": 8, "percent_covered": 75.0, "percent_covered_display": "75", "missing_lines": 2, "excluded_lines": 2, "percent_statements_covered": 75.0, "percent_statements_covered_display": "75"}, "missing_lines": [276, 277], "excluded_lines": [278, 279], "start_line": 269}, "": {"executed_lines": [3, 5, 6, 7, 8, 9, 10, 12, 13, 14, 15, 16, 18, 21, 24, 25, 26, 27, 30, 33, 34, 37, 50, 61, 72, 142, 177, 189, 198, 217, 266], "summary": {"covered_lines": 31, "num_statements": 31, "percent_covered": 100.0, "percent_covered_display": "100", "missing_lines": 0, "excluded_lines": 0, "percent_statements_covered": 100.0, "percent_statements_covered_display": "100"}, "missing_lines": [], "excluded_lines": [], "start_line": 1}}, "classes": {"ExportMeshParams": {"executed_lines": [], "summary": {"covered_lines": 0, "num_statements": 0, "percent_covered": 100.0, "percent_covered_display": "100", "missing_lines": 0, "excluded_lines": 0, "percent_statements_covered": 100.0, "percent_statements_covered_display": "100"}, "missing_lines": [], "excluded_lines": [], "start_line": 21}, "ExportCadParams": {"executed_lines": [], "summary": {"covered_lines": 0, "num_statements": 0, "percent_covered": 100.0, "percent_covered_display": "100", "missing_lines": 0, "excluded_lines": 0, "percent_statements_covered": 100.0, "percent_statements_covered_display": "100"}, "missing_lines": [], "excluded_lines": [], "start_line": 30}, "_export_su2_via_tigl._SU2Cell": {"executed_lines": [104, 105, 108, 109, 112], "summary": {"covered_lines": 5, "num_statements": 5, "percent_covered": 100.0, "percent_covered_display": "100", "missing_lines": 0, "excluded_lines": 0, "percent_statements_covered": 100.0, "percent_statements_covered_display": "100"}, "missing_lines": [], "excluded_lines": [], "start_line": 102}, "": {"executed_lines": [3, 5, 6, 7, 8, 9, 10, 12, 13, 14, 15, 16, 18, 21, 24, 25, 26, 27, 30, 33, 34, 37, 39, 40, 50, 61, 65, 66, 67, 72, 76, 77, 78, 82, 91, 96, 97, 98, 99, 100, 102, 103, 107, 111, 114, 115, 119, 120, 121, 122, 123, 124, 133, 139, 142, 146, 147, 177, 183, 184, 186, 189, 191, 192, 195, 198, 202, 205, 208, 214, 217, 220, 221, 222, 223, 224, 225, 230, 235, 240, 242, 244, 250, 251, 257, 266, 269, 270, 271, 272, 273, 274, 275, 283], "summary": {"covered_lines": 94, "num_statements": 116, "percent_covered": 81.03448275862068, "percent_covered_display": "81", "missing_lines": 22, "excluded_lines": 8, "percent_statements_covered": 81.03448275862068, "percent_statements_covered_display": "81"}, "missing_lines": [41, 42, 43, 52, 69, 83, 92, 125, 134, 158, 159, 166, 167, 174, 193, 194, 203, 206, 209, 226, 276, 277], "excluded_lines": [84, 85, 126, 127, 252, 253, 278, 279], "start_line": 1}}}, "src/tigl_mcp_server/tools/metrics.py": {"executed_lines": [3, 5, 6, 7, 8, 9, 12, 15, 16, 19, 22, 23, 26, 30, 31, 33, 36, 39, 40, 41, 42, 43, 44, 45, 46, 47, 48, 49, 50, 51, 52, 60, 80, 89, 92, 93, 94, 95, 96, 97, 98, 99, 100, 101, 102, 116], "summary": {"covered_lines": 46, "num_statements": 51, "percent_covered": 90.19607843137256, "percent_covered_display": "90", "missing_lines": 5, "excluded_lines": 4, "percent_statements_covered": 90.19607843137256, "percent_statements_covered_display": "90"}, "missing_lines": [32, 73, 74, 109, 110], "excluded_lines": [75, 76, 111, 112], "functions": {"_safe_get_component": {"executed_lines": [30, 31, 33], "summary": {"covered_lines": 3, "num_statements": 4, "percent_covered": 75.0, "percent_covered_display": "75", "missing_lines": 1, "excluded_lines": 0, "percent_statements_covered": 75.0, "percent_statements_covered_display": "75"}, "missing_lines": [32], "excluded_lines": [], "start_line": 26}, "get_wing_summary_tool": {"executed_lines": [39, 80], "summary": {"covered_lines": 2, "num_statements": 2, "percent_covered": 100.0, "percent_covered_display": "100", "missing_lines": 0, "excluded_lines": 0, "percent_statements_covered": 100.0, "percent_statements_covered_display": "100"}, "missing_lines": [], "excluded_lines": [], "start_line": 36}, "get_wing_summary_tool.handler": {"executed_lines": [40, 41, 42, 43, 44, 45, 46, 47, 48, 49, 50, 51, 52, 60], "summary": {"covered_lines": 14, "num_statements": 16, "percent_covered": 87.5, "percent_covered_display": "88", "missing_lines": 2, "excluded_lines": 2, "percent_statements_covered": 87.5, "percent_statements_covered_display": "88"}, "missing_lines": [73, 74], "excluded_lines": [75, 76], "start_line": 39}, "get_fuselage_summary_tool": {"executed_lines": [92, 116], "summary": {"covered_lines": 2, "num_statements": 2, "percent_covered": 100.0, "percent_covered_display": "100", "missing_lines": 0, "excluded_lines": 0, "percent_statements_covered": 100.0, "percent_statements_covered_display": "100"}, "missing_lines": [], "excluded_lines": [], "start_line": 89}, "get_fuselage_summary_tool.handler": {"executed_lines": [93, 94, 95, 96, 97, 98, 99, 100, 101, 102], "summary": {"covered_lines": 10, "num_statements": 12, "percent_covered": 83.33333333333333, "percent_covered_display": "83", "missing_lines": 2, "excluded_lines": 2, "percent_statements_covered": 83.33333333333333, "percent_statements_covered_display": "83"}, "missing_lines": [109, 110], "excluded_lines": [111, 112], "start_line": 92}, "": {"executed_lines": [3, 5, 6, 7, 8, 9, 12, 15, 16, 19, 22, 23, 26, 36, 89], "summary": {"covered_lines": 15, "num_statements": 15, "percent_covered": 100.0, "percent_covered_display": "100", "missing_lines": 0, "excluded_lines": 0, "percent_statements_covered": 100.0, "percent_statements_covered_display": "100"}, "missing_lines": [], "excluded_lines": [], "start_line": 1}}, "classes": {"WingSummaryParams": {"executed_lines": [], "summary": {"covered_lines": 0, "num_statements": 0, "percent_covered": 100.0, "percent_covered_display": "100", "missing_lines": 0, "excluded_lines": 0, "percent_statements_covered": 100.0, "percent_statements_covered_display": "100"}, "missing_lines": [], "excluded_lines": [], "start_line": 12}, "FuselageSummaryParams": {"executed_lines": [], "summary": {"covered_lines": 0, "num_statements": 0, "percent_covered": 100.0, "percent_covered_display": "100", "missing_lines": 0, "excluded_lines": 0, "percent_statements_covered": 100.0, "percent_statements_covered_display": "100"}, "missing_lines": [], "excluded_lines": [], "start_line": 19}, "": {"executed_lines": [3, 5, 6, 7, 8, 9, 12, 15, 16, 19, 22, 23, 26, 30, 31, 33, 36, 39, 40, 41, 42, 43, 44, 45, 46, 47, 48, 49, 50, 51, 52, 60, 80, 89, 92, 93, 94, 95, 96, 97, 98, 99, 100, 101, 102, 116], "summary": {"covered_lines": 46, "num_statements": 51, "percent_covered": 90.19607843137256, "percent_covered_display": "90", "missing_lines": 5, "excluded_lines": 4, "percent_statements_covered": 90.19607843137256, "percent_statements_covered_display": "90"}, "missing_lines": [32, 73, 74, 109, 110], "excluded_lines": [75, 76, 111, 112], "start_line": 1}}}, "src/tigl_mcp_server/tools/parameters.py": {"executed_lines": [3, 5, 6, 7, 8, 11, 14, 15, 18, 21, 22, 23, 26, 28, 29, 30, 31, 32, 36, 37, 48, 51, 66, 75, 78, 79, 80, 81, 82, 83, 87, 88, 89, 90, 91, 96, 108], "summary": {"covered_lines": 37, "num_statements": 58, "percent_covered": 63.793103448275865, "percent_covered_display": "64", "missing_lines": 21, "excluded_lines": 6, "percent_statements_covered": 63.793103448275865, "percent_statements_covered_display": "64"}, "missing_lines": [33, 38, 39, 40, 43, 44, 45, 52, 53, 54, 55, 56, 57, 60, 61, 62, 84, 92, 93, 101, 102], "excluded_lines": [63, 64, 94, 95, 103, 104], "functions": {"_apply_update": {"executed_lines": [28, 29, 30, 31, 32, 36, 37], "summary": {"covered_lines": 7, "num_statements": 14, "percent_covered": 50.0, "percent_covered_display": "50", "missing_lines": 7, "excluded_lines": 0, "percent_statements_covered": 50.0, "percent_statements_covered_display": "50"}, "missing_lines": [33, 38, 39, 40, 43, 44, 45], "excluded_lines": [], "start_line": 26}, "get_high_level_parameters_tool": {"executed_lines": [51, 66], "summary": {"covered_lines": 2, "num_statements": 2, "percent_covered": 100.0, "percent_covered_display": "100", "missing_lines": 0, "excluded_lines": 0, "percent_statements_covered": 100.0, "percent_statements_covered_display": "100"}, "missing_lines": [], "excluded_lines": [], "start_line": 48}, "get_high_level_parameters_tool.handler": {"executed_lines": [], "summary": {"covered_lines": 0, "num_statements": 9, "percent_covered": 0.0, "percent_covered_display": "0", "missing_lines": 9, "excluded_lines": 2, "percent_statements_covered": 0.0, "percent_statements_covered_display": "0"}, "missing_lines": [52, 53, 54, 55, 56, 57, 60, 61, 62], "excluded_lines": [63, 64], "start_line": 51}, "set_high_level_parameters_tool": {"executed_lines": [78, 108], "summary": {"covered_lines": 2, "num_statements": 2, "percent_covered": 100.0, "percent_covered_display": "100", "missing_lines": 0, "excluded_lines": 0, "percent_statements_covered": 100.0, "percent_statements_covered_display": "100"}, "missing_lines": [], "excluded_lines": [], "start_line": 75}, "set_high_level_parameters_tool.handler": {"executed_lines": [79, 80, 81, 82, 83, 87, 88, 89, 90, 91, 96], "summary": {"covered_lines": 11, "num_statements": 16, "percent_covered": 68.75, "percent_covered_display": "69", "missing_lines": 5, "excluded_lines": 4, "percent_statements_covered": 68.75, "percent_statements_covered_display": "69"}, "missing_lines": [84, 92, 93, 101, 102], "excluded_lines": [94, 95, 103, 104], "start_line": 78}, "": {"executed_lines": [3, 5, 6, 7, 8, 11, 14, 15, 18, 21, 22, 23, 26, 48, 75], "summary": {"covered_lines": 15, "num_statements": 15, "percent_covered": 100.0, "percent_covered_display": "100", "missing_lines": 0, "excluded_lines": 0, "percent_statements_covered": 100.0, "percent_statements_covered_display": "100"}, "missing_lines": [], "excluded_lines": [], "start_line": 1}}, "classes": {"GetParametersParams": {"executed_lines": [], "summary": {"covered_lines": 0, "num_statements": 0, "percent_covered": 100.0, "percent_covered_display": "100", "missing_lines": 0, "excluded_lines": 0, "percent_statements_covered": 100.0, "percent_statements_covered_display": "100"}, "missing_lines": [], "excluded_lines": [], "start_line": 11}, "SetParametersParams": {"executed_lines": [], "summary": {"covered_lines": 0, "num_statements": 0, "percent_covered": 100.0, "percent_covered_display": "100", "missing_lines": 0, "excluded_lines": 0, "percent_statements_covered": 100.0, "percent_statements_covered_display": "100"}, "missing_lines": [], "excluded_lines": [], "start_line": 18}, "": {"executed_lines": [3, 5, 6, 7, 8, 11, 14, 15, 18, 21, 22, 23, 26, 28, 29, 30, 31, 32, 36, 37, 48, 51, 66, 75, 78, 79, 80, 81, 82, 83, 87, 88, 89, 90, 91, 96, 108], "summary": {"covered_lines": 37, "num_statements": 58, "percent_covered": 63.793103448275865, "percent_covered_display": "64", "missing_lines": 21, "excluded_lines": 6, "percent_statements_covered": 63.793103448275865, "percent_statements_covered_display": "64"}, "missing_lines": [33, 38, 39, 40, 43, 44, 45, 52, 53, 54, 55, 56, 57, 60, 61, 62, 84, 92, 93, 101, 102], "excluded_lines": [63, 64, 94, 95, 103, 104], "start_line": 1}}}, "src/tigl_mcp_server/tools/sampling.py": {"executed_lines": [3, 5, 7, 8, 9, 10, 13, 16, 17, 18, 23, 26, 29, 30, 31, 32, 33, 36, 39, 40, 41, 42, 45, 48, 51, 52, 53, 54, 55, 59, 60, 61, 62, 63, 64, 65, 66, 67, 68, 69, 70, 73, 79, 88, 91, 92, 93, 94, 95, 96, 97, 98, 105, 113, 122, 125, 126, 127, 128, 129, 130, 131, 135, 140, 141, 142, 143, 150, 158], "summary": {"covered_lines": 69, "num_statements": 77, "percent_covered": 89.6103896103896, "percent_covered_display": "90", "missing_lines": 8, "excluded_lines": 6, "percent_statements_covered": 89.6103896103896, "percent_statements_covered_display": "90"}, "missing_lines": [56, 74, 75, 106, 107, 132, 151, 152], "excluded_lines": [76, 77, 108, 109, 153, 154], "functions": {"sample_component_surface_tool": {"executed_lines": [48, 79], "summary": {"covered_lines": 2, "num_statements": 2, "percent_covered": 100.0, "percent_covered_display": "100", "missing_lines": 0, "excluded_lines": 0, "percent_statements_covered": 100.0, "percent_statements_covered_display": "100"}, "missing_lines": [], "excluded_lines": [], "start_line": 45}, "sample_component_surface_tool.handler": {"executed_lines": [51, 52, 53, 54, 55, 59, 60, 61, 62, 63, 64, 65, 66, 67, 68, 69, 70, 73], "summary": {"covered_lines": 18, "num_statements": 21, "percent_covered": 85.71428571428571, "percent_covered_display": "86", "missing_lines": 3, "excluded_lines": 2, "percent_statements_covered": 85.71428571428571, "percent_statements_covered_display": "86"}, "missing_lines": [56, 74, 75], "excluded_lines": [76, 77], "start_line": 48}, "intersect_with_plane_tool": {"executed_lines": [91, 113], "summary": {"covered_lines": 2, "num_statements": 2, "percent_covered": 100.0, "percent_covered_display": "100", "missing_lines": 0, "excluded_lines": 0, "percent_statements_covered": 100.0, "percent_statements_covered_display": "100"}, "missing_lines": [], "excluded_lines": [], "start_line": 88}, "intersect_with_plane_tool.handler": {"executed_lines": [92, 93, 94, 95, 96, 97, 98, 105], "summary": {"covered_lines": 8, "num_statements": 10, "percent_covered": 80.0, "percent_covered_display": "80", "missing_lines": 2, "excluded_lines": 2, "percent_statements_covered": 80.0, "percent_statements_covered_display": "80"}, "missing_lines": [106, 107], "excluded_lines": [108, 109], "start_line": 91}, "intersect_components_tool": {"executed_lines": [125, 158], "summary": {"covered_lines": 2, "num_statements": 2, "percent_covered": 100.0, "percent_covered_display": "100", "missing_lines": 0, "excluded_lines": 0, "percent_statements_covered": 100.0, "percent_statements_covered_display": "100"}, "missing_lines": [], "excluded_lines": [], "start_line": 122}, "intersect_components_tool.handler": {"executed_lines": [126, 127, 128, 129, 130, 131, 135, 140, 141, 142, 143, 150], "summary": {"covered_lines": 12, "num_statements": 15, "percent_covered": 80.0, "percent_covered_display": "80", "missing_lines": 3, "excluded_lines": 2, "percent_statements_covered": 80.0, "percent_statements_covered_display": "80"}, "missing_lines": [132, 151, 152], "excluded_lines": [153, 154], "start_line": 125}, "": {"executed_lines": [3, 5, 7, 8, 9, 10, 13, 16, 17, 18, 23, 26, 29, 30, 31, 32, 33, 36, 39, 40, 41, 42, 45, 88, 122], "summary": {"covered_lines": 25, "num_statements": 25, "percent_covered": 100.0, "percent_covered_display": "100", "missing_lines": 0, "excluded_lines": 0, "percent_statements_covered": 100.0, "percent_statements_covered_display": "100"}, "missing_lines": [], "excluded_lines": [], "start_line": 1}}, "classes": {"SampleSurfaceParams": {"executed_lines": [], "summary": {"covered_lines": 0, "num_statements": 0, "percent_covered": 100.0, "percent_covered_display": "100", "missing_lines": 0, "excluded_lines": 0, "percent_statements_covered": 100.0, "percent_statements_covered_display": "100"}, "missing_lines": [], "excluded_lines": [], "start_line": 13}, "IntersectPlaneParams": {"executed_lines": [], "summary": {"covered_lines": 0, "num_statements": 0, "percent_covered": 100.0, "percent_covered_display": "100", "missing_lines": 0, "excluded_lines": 0, "percent_statements_covered": 100.0, "percent_statements_covered_display": "100"}, "missing_lines": [], "excluded_lines": [], "start_line": 26}, "IntersectComponentsParams": {"executed_lines": [], "summary": {"covered_lines": 0, "num_statements": 0, "percent_covered": 100.0, "percent_covered_display": "100", "missing_lines": 0, "excluded_lines": 0, "percent_statements_covered": 100.0, "percent_statements_covered_display": "100"}, "missing_lines": [], "excluded_lines": [], "start_line": 36}, "": {"executed_lines": [3, 5, 7, 8, 9, 10, 13, 16, 17, 18, 23, 26, 29, 30, 31, 32, 33, 36, 39, 40, 41, 42, 45, 48, 51, 52, 53, 54, 55, 59, 60, 61, 62, 63, 64, 65, 66, 67, 68, 69, 70, 73, 79, 88, 91, 92, 93, 94, 95, 96, 97, 98, 105, 113, 122, 125, 126, 127, 128, 129, 130, 131, 135, 140, 141, 142, 143, 150, 158], "summary": {"covered_lines": 69, "num_statements": 77, "percent_covered": 89.6103896103896, "percent_covered_display": "90", "missing_lines": 8, "excluded_lines": 6, "percent_statements_covered": 89.6103896103896, "percent_statements_covered_display": "90"}, "missing_lines": [56, 74, 75, 106, 107, 132, 151, 152], "excluded_lines": [76, 77, 108, 109, 153, 154], "start_line": 1}}}}, "totals": {"covered_lines": 599, "num_statements": 692, "percent_covered": 86.5606936416185, "percent_covered_display": "87", "missing_lines": 93, "excluded_lines": 36, "percent_statements_covered": 86.5606936416185, "percent_statements_covered_display": "87"}}